e:\foo_traycontrols\lib\foobar2000_sdk\foobar2000\sdk\foobar2000_sdk\x64\release\foobar2000_sdk.pch
e:\foo_traycontrols\lib\foobar2000_sdk\foobar2000\sdk\x64\release\foobar2000_sdk.pdb
e:\foo_traycontrols\lib\foobar2000_sdk\foobar2000\sdk\foobar2000_sdk\x64\release\stdafx.obj
e:\foo_traycontrols\lib\foobar2000_sdk\foobar2000\sdk\foobar2000_sdk\x64\release\advconfig.obj
e:\foo_traycontrols\lib\foobar2000_sdk\foobar2000\sdk\foobar2000_sdk\x64\release\filesystem.obj
e:\foo_traycontrols\lib\foobar2000_sdk\foobar2000\sdk\foobar2000_sdk\x64\release\threaded_process.obj
e:\foo_traycontrols\lib\foobar2000_sdk\foobar2000\sdk\foobar2000_sdk\x64\release\config_object.obj
e:\foo_traycontrols\lib\foobar2000_sdk\foobar2000\sdk\foobar2000_sdk\x64\release\fsitem.obj
e:\foo_traycontrols\lib\foobar2000_sdk\foobar2000\sdk\foobar2000_sdk\x64\release\menu_item.obj
e:\foo_traycontrols\lib\foobar2000_sdk\foobar2000\sdk\foobar2000_sdk\x64\release\popup_message.obj
e:\foo_traycontrols\lib\foobar2000_sdk\foobar2000\sdk\foobar2000_sdk\x64\release\ui.obj
e:\foo_traycontrols\lib\foobar2000_sdk\foobar2000\sdk\foobar2000_sdk\x64\release\commonobjects.obj
e:\foo_traycontrols\lib\foobar2000_sdk\foobar2000\sdk\foobar2000_sdk\x64\release\playlist.obj
e:\foo_traycontrols\lib\foobar2000_sdk\foobar2000\sdk\foobar2000_sdk\x64\release\audio_chunk.obj
e:\foo_traycontrols\lib\foobar2000_sdk\foobar2000\sdk\foobar2000_sdk\x64\release\dsp.obj
e:\foo_traycontrols\lib\foobar2000_sdk\foobar2000\sdk\foobar2000_sdk\x64\release\playable_location.obj
e:\foo_traycontrols\lib\foobar2000_sdk\foobar2000\sdk\foobar2000_sdk\x64\release\preferences_page.obj
e:\foo_traycontrols\lib\foobar2000_sdk\foobar2000\sdk\foobar2000_sdk\x64\release\titleformat.obj
e:\foo_traycontrols\lib\foobar2000_sdk\foobar2000\sdk\foobar2000_sdk\x64\release\componentversion.obj
e:\foo_traycontrols\lib\foobar2000_sdk\foobar2000\sdk\foobar2000_sdk\x64\release\file_info_impl.obj
e:\foo_traycontrols\lib\foobar2000_sdk\foobar2000\sdk\foobar2000_sdk\x64\release\image.obj
e:\foo_traycontrols\lib\foobar2000_sdk\foobar2000\sdk\foobar2000_sdk\x64\release\output.obj
e:\foo_traycontrols\lib\foobar2000_sdk\foobar2000\sdk\foobar2000_sdk\x64\release\app_close_blocker.obj
e:\foo_traycontrols\lib\foobar2000_sdk\foobar2000\sdk\foobar2000_sdk\x64\release\file_info_merge.obj
e:\foo_traycontrols\lib\foobar2000_sdk\foobar2000\sdk\foobar2000_sdk\x64\release\input_file_type.obj
e:\foo_traycontrols\lib\foobar2000_sdk\foobar2000\sdk\foobar2000_sdk\x64\release\playlist_loader.obj
e:\foo_traycontrols\lib\foobar2000_sdk\foobar2000\sdk\foobar2000_sdk\x64\release\completion_notify.obj
e:\foo_traycontrols\lib\foobar2000_sdk\foobar2000\sdk\foobar2000_sdk\x64\release\guids.obj
e:\foo_traycontrols\lib\foobar2000_sdk\foobar2000\sdk\foobar2000_sdk\x64\release\audio_chunk_channel_config.obj
e:\foo_traycontrols\lib\foobar2000_sdk\foobar2000\sdk\foobar2000_sdk\x64\release\filesystem_helper.obj
e:\foo_traycontrols\lib\foobar2000_sdk\foobar2000\sdk\foobar2000_sdk\x64\release\mainmenu.obj
e:\foo_traycontrols\lib\foobar2000_sdk\foobar2000\sdk\foobar2000_sdk\x64\release\replaygain_info.obj
e:\foo_traycontrols\lib\foobar2000_sdk\foobar2000\sdk\foobar2000_sdk\x64\release\tag_processor_id3v2.obj
e:\foo_traycontrols\lib\foobar2000_sdk\foobar2000\sdk\foobar2000_sdk\x64\release\ui_element.obj
e:\foo_traycontrols\lib\foobar2000_sdk\foobar2000\sdk\foobar2000_sdk\x64\release\chapterizer.obj
e:\foo_traycontrols\lib\foobar2000_sdk\foobar2000\sdk\foobar2000_sdk\x64\release\file_cached_impl.obj
e:\foo_traycontrols\lib\foobar2000_sdk\foobar2000\sdk\foobar2000_sdk\x64\release\input.obj
e:\foo_traycontrols\lib\foobar2000_sdk\foobar2000\sdk\foobar2000_sdk\x64\release\service.obj
e:\foo_traycontrols\lib\foobar2000_sdk\foobar2000\sdk\foobar2000_sdk\x64\release\config_io_callback.obj
e:\foo_traycontrols\lib\foobar2000_sdk\foobar2000\sdk\foobar2000_sdk\x64\release\dsp_manager.obj
e:\foo_traycontrols\lib\foobar2000_sdk\foobar2000\sdk\foobar2000_sdk\x64\release\metadb.obj
e:\foo_traycontrols\lib\foobar2000_sdk\foobar2000\sdk\foobar2000_sdk\x64\release\commandline.obj
e:\foo_traycontrols\lib\foobar2000_sdk\foobar2000\sdk\foobar2000_sdk\x64\release\file_info_const_impl.obj
e:\foo_traycontrols\lib\foobar2000_sdk\foobar2000\sdk\foobar2000_sdk\x64\release\hasher_md5.obj
e:\foo_traycontrols\lib\foobar2000_sdk\foobar2000\sdk\foobar2000_sdk\x64\release\main_thread_callback.obj
e:\foo_traycontrols\lib\foobar2000_sdk\foobar2000\sdk\foobar2000_sdk\x64\release\packet_decoder.obj
e:\foo_traycontrols\lib\foobar2000_sdk\foobar2000\sdk\foobar2000_sdk\x64\release\replaygain.obj
e:\foo_traycontrols\lib\foobar2000_sdk\foobar2000\sdk\foobar2000_sdk\x64\release\track_property.obj
e:\foo_traycontrols\lib\foobar2000_sdk\foobar2000\sdk\foobar2000_sdk\x64\release\album_art.obj
e:\foo_traycontrols\lib\foobar2000_sdk\foobar2000\sdk\foobar2000_sdk\x64\release\playback_control.obj
e:\foo_traycontrols\lib\foobar2000_sdk\foobar2000\sdk\foobar2000_sdk\x64\release\tag_processor.obj
e:\foo_traycontrols\lib\foobar2000_sdk\foobar2000\sdk\foobar2000_sdk\x64\release\abort_callback.obj
e:\foo_traycontrols\lib\foobar2000_sdk\foobar2000\sdk\foobar2000_sdk\x64\release\console.obj
e:\foo_traycontrols\lib\foobar2000_sdk\foobar2000\sdk\foobar2000_sdk\x64\release\foosort.obj
e:\foo_traycontrols\lib\foobar2000_sdk\foobar2000\sdk\foobar2000_sdk\x64\release\link_resolver.obj
e:\foo_traycontrols\lib\foobar2000_sdk\foobar2000\sdk\foobar2000_sdk\x64\release\menu_helpers.obj
e:\foo_traycontrols\lib\foobar2000_sdk\foobar2000\sdk\foobar2000_sdk\x64\release\cfg_var_legacy.obj
e:\foo_traycontrols\lib\foobar2000_sdk\foobar2000\sdk\foobar2000_sdk\x64\release\file_info.obj
e:\foo_traycontrols\lib\foobar2000_sdk\foobar2000\sdk\foobar2000_sdk\x64\release\mem_block_container.obj
e:\foo_traycontrols\lib\foobar2000_sdk\foobar2000\sdk\foobar2000_sdk\x64\release\menu_manager.obj
e:\foo_traycontrols\lib\foobar2000_sdk\foobar2000\sdk\foobar2000_sdk\x64\release\cfg_var.obj
e:\foo_traycontrols\lib\foobar2000_sdk\foobar2000\sdk\foobar2000_sdk\x64\release\metadb_handle.obj
e:\foo_traycontrols\lib\foobar2000_sdk\foobar2000\sdk\foobar2000_sdk\x64\release\utility.obj
e:\foo_traycontrols\lib\foobar2000_sdk\foobar2000\sdk\foobar2000_sdk\x64\release\configstore.obj
e:\foo_traycontrols\lib\foobar2000_sdk\foobar2000\sdk\foobar2000_sdk\x64\release\file_operation_callback.obj
e:\foo_traycontrols\lib\foobar2000_sdk\foobar2000\sdk\foobar2000_sdk\x64\release\metadb_handle_list.obj
e:\foo_traycontrols\lib\foobar2000_sdk\foobar2000\sdk\x64\release\foobar2000_sdk.lib
e:\foo_traycontrols\lib\foobar2000_sdk\foobar2000\sdk\foobar2000_sdk\x64\release\foobar2000_sdk.tlog\cl.command.1.tlog
e:\foo_traycontrols\lib\foobar2000_sdk\foobar2000\sdk\foobar2000_sdk\x64\release\foobar2000_sdk.tlog\cl.items.tlog
e:\foo_traycontrols\lib\foobar2000_sdk\foobar2000\sdk\foobar2000_sdk\x64\release\foobar2000_sdk.tlog\cl.read.1.tlog
e:\foo_traycontrols\lib\foobar2000_sdk\foobar2000\sdk\foobar2000_sdk\x64\release\foobar2000_sdk.tlog\cl.write.1.tlog
e:\foo_traycontrols\lib\foobar2000_sdk\foobar2000\sdk\foobar2000_sdk\x64\release\foobar2000_sdk.tlog\lib-link.read.1.tlog
e:\foo_traycontrols\lib\foobar2000_sdk\foobar2000\sdk\foobar2000_sdk\x64\release\foobar2000_sdk.tlog\lib-link.write.1.tlog
e:\foo_traycontrols\lib\foobar2000_sdk\foobar2000\sdk\foobar2000_sdk\x64\release\foobar2000_sdk.tlog\lib.command.1.tlog
