e:\foo_traycontrols\lib\foobar2000_sdk\foobar2000\shared\shared\x64\release\shared.pch
e:\foo_traycontrols\lib\foobar2000_sdk\foobar2000\shared\shared\x64\release\vc143.pdb
e:\foo_traycontrols\lib\foobar2000_sdk\foobar2000\shared\shared\x64\release\stdafx.obj
e:\foo_traycontrols\lib\foobar2000_sdk\foobar2000\shared\shared\x64\release\utility.obj
e:\foo_traycontrols\lib\foobar2000_sdk\foobar2000\shared\shared\x64\release\utf8api.obj
e:\foo_traycontrols\lib\foobar2000_sdk\foobar2000\shared\shared\x64\release\utf8.obj
e:\foo_traycontrols\lib\foobar2000_sdk\foobar2000\shared\shared\x64\release\text_drawing.obj
e:\foo_traycontrols\lib\foobar2000_sdk\foobar2000\shared\shared\x64\release\systray.obj
e:\foo_traycontrols\lib\foobar2000_sdk\foobar2000\shared\shared\x64\release\modal_dialog.obj
e:\foo_traycontrols\lib\foobar2000_sdk\foobar2000\shared\shared\x64\release\minidump.obj
e:\foo_traycontrols\lib\foobar2000_sdk\foobar2000\shared\shared\x64\release\font_description.obj
e:\foo_traycontrols\lib\foobar2000_sdk\foobar2000\shared\shared\x64\release\filedialogs_vista.obj
e:\foo_traycontrols\lib\foobar2000_sdk\foobar2000\shared\shared\x64\release\filedialogs.obj
e:\foo_traycontrols\lib\foobar2000_sdk\foobar2000\shared\shared\x64\release\crash_info.obj
e:\foo_traycontrols\lib\foobar2000_sdk\foobar2000\shared\shared\x64\release\audio_math.obj
e:\foo_traycontrols\lib\foobar2000_sdk\foobar2000\shared\x64\release\shared.dll
e:\foo_traycontrols\lib\foobar2000_sdk\foobar2000\shared\x64\release\shared.pdb
e:\foo_traycontrols\lib\foobar2000_sdk\foobar2000\shared\x64\release\shared.lib
e:\foo_traycontrols\lib\foobar2000_sdk\foobar2000\shared\x64\release\shared.exp
e:\foo_traycontrols\lib\foobar2000_sdk\foobar2000\shared\shared\x64\release\shared.iobj
e:\foo_traycontrols\lib\foobar2000_sdk\foobar2000\shared\shared\x64\release\shared.tlog\cl.command.1.tlog
e:\foo_traycontrols\lib\foobar2000_sdk\foobar2000\shared\shared\x64\release\shared.tlog\cl.items.tlog
e:\foo_traycontrols\lib\foobar2000_sdk\foobar2000\shared\shared\x64\release\shared.tlog\cl.read.1.tlog
e:\foo_traycontrols\lib\foobar2000_sdk\foobar2000\shared\shared\x64\release\shared.tlog\cl.write.1.tlog
e:\foo_traycontrols\lib\foobar2000_sdk\foobar2000\shared\shared\x64\release\shared.tlog\link.command.1.tlog
e:\foo_traycontrols\lib\foobar2000_sdk\foobar2000\shared\shared\x64\release\shared.tlog\link.read.1.tlog
e:\foo_traycontrols\lib\foobar2000_sdk\foobar2000\shared\shared\x64\release\shared.tlog\link.secondary.1.tlog
e:\foo_traycontrols\lib\foobar2000_sdk\foobar2000\shared\shared\x64\release\shared.tlog\link.write.1.tlog
