e:\foo_traycontrols\lib\foobar2000_sdk\pfc\pfc\x64\release\pfc.pch
e:\foo_traycontrols\lib\foobar2000_sdk\pfc\x64\release\pfc.pdb
e:\foo_traycontrols\lib\foobar2000_sdk\pfc\pfc\x64\release\stdafx.obj
e:\foo_traycontrols\lib\foobar2000_sdk\pfc\pfc\x64\release\audio_math.obj
e:\foo_traycontrols\lib\foobar2000_sdk\pfc\pfc\x64\release\threads.obj
e:\foo_traycontrols\lib\foobar2000_sdk\pfc\pfc\x64\release\printf.obj
e:\foo_traycontrols\lib\foobar2000_sdk\pfc\pfc\x64\release\string_conv.obj
e:\foo_traycontrols\lib\foobar2000_sdk\pfc\pfc\x64\release\filehandle.obj
e:\foo_traycontrols\lib\foobar2000_sdk\pfc\pfc\x64\release\string-compare.obj
e:\foo_traycontrols\lib\foobar2000_sdk\pfc\pfc\x64\release\audio_sample.obj
e:\foo_traycontrols\lib\foobar2000_sdk\pfc\pfc\x64\release\sort.obj
e:\foo_traycontrols\lib\foobar2000_sdk\pfc\pfc\x64\release\pathutils.obj
e:\foo_traycontrols\lib\foobar2000_sdk\pfc\pfc\x64\release\utf8.obj
e:\foo_traycontrols\lib\foobar2000_sdk\pfc\pfc\x64\release\cpuid.obj
e:\foo_traycontrols\lib\foobar2000_sdk\pfc\pfc\x64\release\smartstrstr.obj
e:\foo_traycontrols\lib\foobar2000_sdk\pfc\pfc\x64\release\chardownconvert.obj
e:\foo_traycontrols\lib\foobar2000_sdk\pfc\pfc\x64\release\pfc-fb2k-hooks.obj
e:\foo_traycontrols\lib\foobar2000_sdk\pfc\pfc\x64\release\splitstring2.obj
e:\foo_traycontrols\lib\foobar2000_sdk\pfc\pfc\x64\release\guid.obj
e:\foo_traycontrols\lib\foobar2000_sdk\pfc\pfc\x64\release\timers.obj
e:\foo_traycontrols\lib\foobar2000_sdk\pfc\pfc\x64\release\other.obj
e:\foo_traycontrols\lib\foobar2000_sdk\pfc\pfc\x64\release\bit_array.obj
e:\foo_traycontrols\lib\foobar2000_sdk\pfc\pfc\x64\release\win-objects.obj
e:\foo_traycontrols\lib\foobar2000_sdk\pfc\pfc\x64\release\crashwithmessage.obj
e:\foo_traycontrols\lib\foobar2000_sdk\pfc\pfc\x64\release\string-conv-lite.obj
e:\foo_traycontrols\lib\foobar2000_sdk\pfc\pfc\x64\release\base64.obj
e:\foo_traycontrols\lib\foobar2000_sdk\pfc\pfc\x64\release\string-lite.obj
e:\foo_traycontrols\lib\foobar2000_sdk\pfc\pfc\x64\release\wildcard.obj
e:\foo_traycontrols\lib\foobar2000_sdk\pfc\pfc\x64\release\bsearch.obj
e:\foo_traycontrols\lib\foobar2000_sdk\pfc\pfc\x64\release\selftest.obj
e:\foo_traycontrols\lib\foobar2000_sdk\pfc\pfc\x64\release\bigmem.obj
e:\foo_traycontrols\lib\foobar2000_sdk\pfc\pfc\x64\release\string_base.obj
e:\foo_traycontrols\lib\foobar2000_sdk\pfc\pfc\x64\release\filetimetools.obj
e:\foo_traycontrols\lib\foobar2000_sdk\pfc\pfc\x64\release\unicode-normalize.obj
e:\foo_traycontrols\lib\foobar2000_sdk\pfc\x64\release\pfc.lib
e:\foo_traycontrols\lib\foobar2000_sdk\pfc\pfc\x64\release\pfc.tlog\cl.command.1.tlog
e:\foo_traycontrols\lib\foobar2000_sdk\pfc\pfc\x64\release\pfc.tlog\cl.items.tlog
e:\foo_traycontrols\lib\foobar2000_sdk\pfc\pfc\x64\release\pfc.tlog\cl.read.1.tlog
e:\foo_traycontrols\lib\foobar2000_sdk\pfc\pfc\x64\release\pfc.tlog\cl.write.1.tlog
e:\foo_traycontrols\lib\foobar2000_sdk\pfc\pfc\x64\release\pfc.tlog\lib-link.read.1.tlog
e:\foo_traycontrols\lib\foobar2000_sdk\pfc\pfc\x64\release\pfc.tlog\lib-link.write.1.tlog
e:\foo_traycontrols\lib\foobar2000_sdk\pfc\pfc\x64\release\pfc.tlog\lib.command.1.tlog
